<?xml version="1.0" encoding="UTF-8"?>
<!-- Generated by org.testng.reporters.JUnitReportReporter -->
<testsuite skipped="0" hostname="MEHMURUG-IN" name="com.channelnewsasia.tests.ValidateAsiaNews_InternationalEdition" tests="1" failures="0" timestamp="02 Aug 2021 17:32:40 GMT" time="34.629" errors="0">
  <testcase name="validateAsiaNews_InternationalEdition" time="34.629" classname="com.channelnewsasia.tests.ValidateAsiaNews_InternationalEdition"/>
</testsuite> <!-- com.channelnewsasia.tests.ValidateAsiaNews_InternationalEdition -->
