<?xml version="1.0" encoding="UTF-8"?>
<!-- Generated by org.testng.reporters.JUnitReportReporter -->
<testsuite skipped="0" hostname="MEHMURUG-IN" name="com.channelnewsasia.tests.Test1" tests="1" failures="0" timestamp="02 Aug 2021 14:16:31 GMT" time="12.097" errors="0">
  <testcase name="testScenario1" time="12.097" classname="com.channelnewsasia.tests.Test1"/>
</testsuite> <!-- com.channelnewsasia.tests.Test1 -->
