<?xml version="1.0" encoding="UTF-8"?>
<!-- Generated by org.testng.reporters.JUnitReportReporter -->
<testsuite skipped="0" hostname="MEHMURUG-IN" name="com.channelnewsasia.tests.FindWeather" tests="1" failures="0" timestamp="02 Aug 2021 17:32:40 GMT" time="31.257" errors="0">
  <testcase name="findWeather" time="31.257" classname="com.channelnewsasia.tests.FindWeather"/>
</testsuite> <!-- com.channelnewsasia.tests.FindWeather -->
