<?xml version="1.0" encoding="UTF-8"?>
<!-- Generated by org.testng.reporters.JUnitReportReporter -->
<testsuite skipped="0" hostname="MEHMURUG-IN" name="com.channelnewsasia.tests.ValidateAsiaNews_SingaporeEdition" tests="1" failures="0" timestamp="02 Aug 2021 17:32:40 GMT" time="45.254" errors="0">
  <testcase name="validateAsiaNews_SingaporeEdition" time="45.254" classname="com.channelnewsasia.tests.ValidateAsiaNews_SingaporeEdition"/>
</testsuite> <!-- com.channelnewsasia.tests.ValidateAsiaNews_SingaporeEdition -->
